#
# There is insufficient memory for the Java Runtime Environment to continue.
# Native memory allocation (malloc) failed to allocate 1008016 bytes for Chunk::new
# Possible reasons:
#   The system is out of physical RAM or swap space
#   The process is running with CompressedOops enabled, and the Java Heap may be blocking the growth of the native heap
# Possible solutions:
#   Reduce memory load on the system
#   Increase physical memory or swap space
#   Check if swap backing store is full
#   Decrease Java heap size (-Xmx/-Xms)
#   Decrease number of Java threads
#   Decrease Java thread stack sizes (-Xss)
#   Set larger code cache with -XX:ReservedCodeCacheSize=
#   JVM is running with Unscaled Compressed Oops mode in which the Java heap is
#     placed in the first 4GB address space. The Java Heap base address is the
#     maximum limit for the native heap growth. Please use -XX:HeapBaseMinAddress
#     to set the Java Heap base and to place the Java Heap above 4GB virtual address.
# This output file may be truncated or incomplete.
#
#  Out of Memory Error (t:/workspace/open/src/hotspot/share/memory/arena.cpp:197), pid=2068, tid=2288
#
# JRE version: Java(TM) SE Runtime Environment (12.0.2+10) (build 12.0.2+10)
# Java VM: Java HotSpot(TM) 64-Bit Server VM (12.0.2+10, mixed mode, sharing, tiered, compressed oops, g1 gc, windows-amd64)
# No core dump will be written. Minidumps are not enabled by default on client versions of Windows
#

---------------  S U M M A R Y ------------

Command Line: --add-opens=java.base/java.util=ALL-UNNAMED --add-opens=java.base/java.lang=ALL-UNNAMED --add-opens=java.base/java.lang.invoke=ALL-UNNAMED --add-opens=java.prefs/java.util.prefs=ALL-UNNAMED -Xmx1536m -Dfile.encoding=windows-1251 -Duser.country=RU -Duser.language=ru -Duser.variant org.gradle.launcher.daemon.bootstrap.GradleDaemon 5.4.1

Host: AMD A8-7410 APU with AMD Radeon R5 Graphics    , 4 cores, 6G,  Windows 10 , 64 bit Build 18362 (10.0.18362.329)
Time: Sun Feb 16 21:37:02 2020 RTZ 4 (ceia) elapsed time: 130 seconds (0d 0h 2m 10s)

---------------  T H R E A D  ---------------

Current thread (0x000002cf9129d800):  JavaThread "C2 CompilerThread0" daemon [_thread_in_native, id=2288, stack(0x000000d088f00000,0x000000d089000000)]


Current CompileTask:
C2: 130460 11407       4       java.lang.invoke.MethodType::makeImpl (108 bytes)

Stack: [0x000000d088f00000,0x000000d089000000]
Native frames: (J=compiled Java code, j=interpreted, Vv=VM code, C=native code)
V  [jvm.dll+0x63aa2a]
V  [jvm.dll+0x78ce1e]
V  [jvm.dll+0x78e4c1]
V  [jvm.dll+0x78eb13]
V  [jvm.dll+0x2627e8]
V  [jvm.dll+0xc55cc]
V  [jvm.dll+0xc5b4c]
V  [jvm.dll+0x37a632]
V  [jvm.dll+0x1af2d0]
V  [jvm.dll+0x21c312]
V  [jvm.dll+0x21b3da]
V  [jvm.dll+0x199a20]
V  [jvm.dll+0x22a744]
V  [jvm.dll+0x228d98]
V  [jvm.dll+0x7512a0]
V  [jvm.dll+0x74a2c8]
V  [jvm.dll+0x639b16]
C  [ucrtbase.dll+0x20e72]
C  [KERNEL32.DLL+0x17bd4]
C  [ntdll.dll+0x6ced1]


---------------  P R O C E S S  ---------------

Threads class SMR info:
_java_thread_list=0x000002cf97593270, length=55, elements={
0x000002cff4008000, 0x000002cf91281000, 0x000002cf91283800, 0x000002cf9129b800,
0x000002cf9129c800, 0x000002cf9129d800, 0x000002cf912a6800, 0x000002cf912b2800,
0x000002cf91cfa000, 0x000002cf91cfb000, 0x000002cf9239c800, 0x000002cf9382f800,
0x000002cf939ad000, 0x000002cf938e0000, 0x000002cf938e9000, 0x000002cf9269f800,
0x000002cf926a0000, 0x000002cf91f1c800, 0x000002cf934dd800, 0x000002cf91f04800,
0x000002cf92c9b000, 0x000002cf92c9c000, 0x000002cf92c99800, 0x000002cf92c9d000,
0x000002cf92c9e800, 0x000002cf92c99000, 0x000002cf92c9f800, 0x000002cf9448d000,
0x000002cf9448e000, 0x000002cf94491000, 0x000002cf9448b800, 0x000002cf9448c800,
0x000002cf9448f800, 0x000002cf94492000, 0x000002cf95faa000, 0x000002cf95fa7800,
0x000002cf95fa8800, 0x000002cf95fab800, 0x000002cf95fa9800, 0x000002cf95fad800,
0x000002cf95fae000, 0x000002cf9448e800, 0x000002cf96eeb000, 0x000002cf96ee8800,
0x000002cf96eed800, 0x000002cf96eeb800, 0x000002cf96eee000, 0x000002cf96eec800,
0x000002cf96eef000, 0x000002cf96ee9000, 0x000002cf96ef0000, 0x000002cf96eea000,
0x000002cf96ee7800, 0x000002cf96ef0800, 0x000002cf96ef3000
}

Java Threads: ( => current thread )
  0x000002cff4008000 JavaThread "main" [_thread_blocked, id=8324, stack(0x000000d088400000,0x000000d088500000)]
  0x000002cf91281000 JavaThread "Reference Handler" daemon [_thread_blocked, id=5340, stack(0x000000d088b00000,0x000000d088c00000)]
  0x000002cf91283800 JavaThread "Finalizer" daemon [_thread_blocked, id=2808, stack(0x000000d088c00000,0x000000d088d00000)]
  0x000002cf9129b800 JavaThread "Signal Dispatcher" daemon [_thread_blocked, id=9728, stack(0x000000d088d00000,0x000000d088e00000)]
  0x000002cf9129c800 JavaThread "Attach Listener" daemon [_thread_blocked, id=11100, stack(0x000000d088e00000,0x000000d088f00000)]
=>0x000002cf9129d800 JavaThread "C2 CompilerThread0" daemon [_thread_in_native, id=2288, stack(0x000000d088f00000,0x000000d089000000)]
  0x000002cf912a6800 JavaThread "C1 CompilerThread0" daemon [_thread_blocked, id=2168, stack(0x000000d089000000,0x000000d089100000)]
  0x000002cf912b2800 JavaThread "Sweeper thread" daemon [_thread_blocked, id=8952, stack(0x000000d089100000,0x000000d089200000)]
  0x000002cf91cfa000 JavaThread "Common-Cleaner" daemon [_thread_blocked, id=6868, stack(0x000000d089200000,0x000000d089300000)]
  0x000002cf91cfb000 JavaThread "Service Thread" daemon [_thread_blocked, id=3184, stack(0x000000d089300000,0x000000d089400000)]
  0x000002cf9239c800 JavaThread "Daemon health stats" [_thread_blocked, id=8448, stack(0x000000d089600000,0x000000d089700000)]
  0x000002cf9382f800 JavaThread "Incoming local TCP Connector on port 3679" [_thread_in_native, id=12488, stack(0x000000d089700000,0x000000d089800000)]
  0x000002cf939ad000 JavaThread "Daemon periodic checks" [_thread_blocked, id=7456, stack(0x000000d089800000,0x000000d089900000)]
  0x000002cf938e0000 JavaThread "Daemon" [_thread_blocked, id=1996, stack(0x000000d089900000,0x000000d089a00000)]
  0x000002cf938e9000 JavaThread "Handler for socket connection from /127.0.0.1:3679 to /127.0.0.1:3680" [_thread_in_native, id=428, stack(0x000000d089a00000,0x000000d089b00000)]
  0x000002cf9269f800 JavaThread "Cancel handler" [_thread_blocked, id=11508, stack(0x000000d089b00000,0x000000d089c00000)]
  0x000002cf926a0000 JavaThread "Daemon worker" [_thread_blocked, id=6848, stack(0x000000d089c00000,0x000000d089d00000)]
  0x000002cf91f1c800 JavaThread "Asynchronous log dispatcher for DefaultDaemonConnection: socket connection from /127.0.0.1:3679 to /127.0.0.1:3680" [_thread_blocked, id=12628, stack(0x000000d089d00000,0x000000d089e00000)]
  0x000002cf934dd800 JavaThread "Stdin handler" [_thread_blocked, id=12604, stack(0x000000d089e00000,0x000000d089f00000)]
  0x000002cf91f04800 JavaThread "Thread-8" [_thread_blocked, id=5100, stack(0x000000d089f00000,0x000000d08a000000)]
  0x000002cf92c9b000 JavaThread "Cache worker for file hash cache (C:\Users\–ê—Ä—Ç–µ–º\.gradle\caches\5.4.1\fileHashes)" [_thread_blocked, id=11896, stack(0x000000d08a200000,0x000000d08a300000)]
  0x000002cf92c9c000 JavaThread "File lock request listener" [_thread_in_native, id=7060, stack(0x000000d08a300000,0x000000d08a400000)]
  0x000002cf92c99800 JavaThread "Cache worker for journal cache (C:\Users\–ê—Ä—Ç–µ–º\.gradle\caches\journal-1)" [_thread_blocked, id=11244, stack(0x000000d08a400000,0x000000d08a500000)]
  0x000002cf92c9d000 JavaThread "Cache worker for file hash cache (C:\Users\Public\HelloWorld\.gradle\5.4.1\fileHashes)" [_thread_blocked, id=12300, stack(0x000000d08a500000,0x000000d08a600000)]
  0x000002cf92c9e800 JavaThread "Cache worker for cache directory md-supplier (C:\Users\–ê—Ä—Ç–µ–º\.gradle\caches\5.4.1\md-supplier)" [_thread_blocked, id=4180, stack(0x000000d08a700000,0x000000d08a800000)]
  0x000002cf92c99000 JavaThread "Cache worker for cache directory md-rule (C:\Users\–ê—Ä—Ç–µ–º\.gradle\caches\5.4.1\md-rule)" [_thread_blocked, id=11280, stack(0x000000d08a600000,0x000000d08a700000)]
  0x000002cf92c9f800 JavaThread "Cache worker for execution history cache (C:\Users\–ê—Ä—Ç–µ–º\.gradle\caches\5.4.1\executionHistory)" [_thread_blocked, id=13020, stack(0x000000d08a800000,0x000000d08a900000)]
  0x000002cf9448d000 JavaThread "Build operations" [_thread_blocked, id=7824, stack(0x000000d08a900000,0x000000d08aa00000)]
  0x000002cf9448e000 JavaThread "Build operations Thread 2" [_thread_blocked, id=448, stack(0x000000d08aa00000,0x000000d08ab00000)]
  0x000002cf94491000 JavaThread "Build operations Thread 3" [_thread_blocked, id=3320, stack(0x000000d08ab00000,0x000000d08ac00000)]
  0x000002cf9448b800 JavaThread "Build operations Thread 4" [_thread_blocked, id=4348, stack(0x000000d08ac00000,0x000000d08ad00000)]
  0x000002cf9448c800 JavaThread "Cache worker for Build Output Cleanup Cache (C:\Users\Public\HelloWorld\.gradle\buildOutputCleanup)" [_thread_blocked, id=10248, stack(0x000000d08ad00000,0x000000d08ae00000)]
  0x000002cf9448f800 JavaThread "Memory manager" [_thread_blocked, id=6216, stack(0x000000d08b100000,0x000000d08b200000)]
  0x000002cf94492000 JavaThread "Cache worker for file content cache (C:\Users\–ê—Ä—Ç–µ–º\.gradle\caches\5.4.1\fileContent)" [_thread_blocked, id=4336, stack(0x000000d08b200000,0x000000d08b300000)]
  0x000002cf95faa000 JavaThread "Cache worker for file content cache (C:\Users\Public\HelloWorld\.gradle\5.4.1\fileContent)" [_thread_blocked, id=13068, stack(0x000000d08b300000,0x000000d08b400000)]
  0x000002cf95fa7800 JavaThread "Execution worker for ':'" [_thread_in_native, id=12680, stack(0x000000d088200000,0x000000d088300000)]
  0x000002cf95fa8800 JavaThread "Execution worker for ':' Thread 2" [_thread_blocked, id=12912, stack(0x000000d088300000,0x000000d088400000)]
  0x000002cf95fab800 JavaThread "Execution worker for ':' Thread 3" [_thread_blocked, id=9180, stack(0x000000d08b000000,0x000000d08b100000)]
  0x000002cf95fa9800 JavaThread "Cache worker for execution history cache (C:\Users\Public\HelloWorld\.gradle\5.4.1\executionHistory)" [_thread_blocked, id=11344, stack(0x000000d088100000,0x000000d088200000)]
  0x000002cf95fad800 JavaThread "WorkerExecutor Queue" [_thread_blocked, id=1260, stack(0x000000d08b500000,0x000000d08b600000)]
  0x000002cf95fae000 JavaThread "WorkerExecutor Queue Thread 2" [_thread_blocked, id=3100, stack(0x000000d08b600000,0x000000d08b700000)]
  0x000002cf9448e800 JavaThread "WorkerExecutor Queue Thread 3" [_thread_blocked, id=6432, stack(0x000000d08b700000,0x000000d08b800000)]
  0x000002cf96eeb000 JavaThread "pool-2-thread-1" [_thread_blocked, id=8652, stack(0x000000d08b900000,0x000000d08ba00000)]
  0x000002cf96ee8800 JavaThread "stderr" [_thread_in_native, id=11240, stack(0x000000d08ba00000,0x000000d08bb00000)]
  0x000002cf96eed800 JavaThread "stderr" [_thread_in_native, id=10064, stack(0x000000d08bb00000,0x000000d08bc00000)]
  0x000002cf96eeb800 JavaThread "stderr" [_thread_in_native, id=1172, stack(0x000000d08bc00000,0x000000d08bd00000)]
  0x000002cf96eee000 JavaThread "stdout" [_thread_in_native, id=10036, stack(0x000000d08bd00000,0x000000d08be00000)]
  0x000002cf96eec800 JavaThread "stdout" [_thread_in_native, id=9200, stack(0x000000d08be00000,0x000000d08bf00000)]
  0x000002cf96eef000 JavaThread "stdout" [_thread_in_native, id=12048, stack(0x000000d08bf00000,0x000000d08c000000)]
  0x000002cf96ee9000 JavaThread "stderr" [_thread_in_native, id=3576, stack(0x000000d08c000000,0x000000d08c100000)]
  0x000002cf96ef0000 JavaThread "stdout" [_thread_in_native, id=5460, stack(0x000000d08c100000,0x000000d08c200000)]
  0x000002cf96eea000 JavaThread "C2 CompilerThread1" daemon [_thread_in_native, id=9364, stack(0x000000d08b400000,0x000000d08b500000)]
  0x000002cf96ee7800 JavaThread "RMI Scheduler(0)" daemon [_thread_blocked, id=7656, stack(0x000000d08b800000,0x000000d08b900000)]
  0x000002cf96ef0800 JavaThread "RMI RenewClean-[127.0.0.1:17913,org.jetbrains.kotlin.daemon.common.LoopbackNetworkInterface$ClientLoopbackSocketFactory@5ee258cb]" daemon [_thread_blocked, id=4672, stack(0x000000d08c200000,0x000000d08c300000)]
  0x000002cf96ef3000 JavaThread "RMI GC Daemon" daemon [_thread_blocked, id=11488, stack(0x000000d08c300000,0x000000d08c400000)]

Other Threads:
  0x000002cf9127c000 VMThread "VM Thread" [stack: 0x000000d088a00000,0x000000d088b00000] [id=7736]
  0x000002cf91d13000 WatcherThread [stack: 0x000000d089400000,0x000000d089500000] [id=4320]
  0x000002cff403f000 GCTaskThread "GC Thread#0" [stack: 0x000000d088500000,0x000000d088600000] [id=10952]
  0x000002cf92316000 GCTaskThread "GC Thread#1" [stack: 0x000000d089500000,0x000000d089600000] [id=5228]
  0x000002cf935f9800 GCTaskThread "GC Thread#2" [stack: 0x000000d08a000000,0x000000d08a100000] [id=3752]
  0x000002cf933c7800 GCTaskThread "GC Thread#3" [stack: 0x000000d08a100000,0x000000d08a200000] [id=8948]
  0x000002cff404a800 ConcurrentGCThread "G1 Main Marker" [stack: 0x000000d088600000,0x000000d088700000] [id=10784]
  0x000002cff404c800 ConcurrentGCThread "G1 Conc#0" [stack: 0x000000d088700000,0x000000d088800000] [id=3876]
  0x000002cff40c5800 ConcurrentGCThread "G1 Refine#0" [stack: 0x000000d088800000,0x000000d088900000] [id=10588]
  0x000002cff40c7800 ConcurrentGCThread "G1 Young RemSet Sampling" [stack: 0x000000d088900000,0x000000d088a00000] [id=9128]

Threads with active compile tasks:
C2 CompilerThread0  11407       4       java.lang.invoke.MethodType::makeImpl (108 bytes)
C1 CompilerThread0  11490       3       java.lang.reflect.ProxyGenerator$ProxyMethod::codeWrapArgument (171 bytes)
C2 CompilerThread1  11439       4       jdk.internal.org.objectweb.asm.Frame::execute (2305 bytes)

VM state:not at safepoint (normal execution)

VM Mutex/Monitor currently owned by a thread: None

Heap address: 0x00000000a0000000, size: 1536 MB, Compressed Oops mode: 32-bit
Narrow klass base: 0x0000000800000000, Narrow klass shift: 3
Compressed class space size: 1073741824 Address: 0x0000000801190000

Heap:
 garbage-first heap   total 145408K, used 88811K [0x00000000a0000000, 0x0000000100000000)
  region size 1024K, 20 young (20480K), 4 survivors (4096K)
 Metaspace       used 71812K, capacity 73440K, committed 73628K, reserved 1114112K
  class space    used 9431K, capacity 9955K, committed 9984K, reserved 1048576K
Heap Regions: E=young(eden), S=young(survivor), O=old, HS=humongous(starts), HC=humongous(continues), CS=collection set, F=free, A=archive, TAMS=top-at-mark-start (previous, next)
|   0|0x00000000a0000000, 0x00000000a0100000, 0x00000000a0100000|100%| O|  |TAMS 0x00000000a0100000, 0x00000000a0000000| Untracked 
|   1|0x00000000a0100000, 0x00000000a0200000, 0x00000000a0200000|100%| O|  |TAMS 0x00000000a0200000, 0x00000000a0100000| Untracked 
|   2|0x00000000a0200000, 0x00000000a0300000, 0x00000000a0300000|100%|HS|  |TAMS 0x00000000a0300000, 0x00000000a0200000| Complete 
|   3|0x00000000a0300000, 0x00000000a0400000, 0x00000000a0400000|100%|HS|  |TAMS 0x00000000a0400000, 0x00000000a0300000| Complete 
|   4|0x00000000a0400000, 0x00000000a0500000, 0x00000000a0500000|100%|HC|  |TAMS 0x00000000a0500000, 0x00000000a0400000| Complete 
|   5|0x00000000a0500000, 0x00000000a0600000, 0x00000000a0600000|100%| O|  |TAMS 0x00000000a0600000, 0x00000000a0500000| Untracked 
|   6|0x00000000a0600000, 0x00000000a0700000, 0x00000000a0700000|100%| O|  |TAMS 0x00000000a0700000, 0x00000000a0600000| Untracked 
|   7|0x00000000a0700000, 0x00000000a0800000, 0x00000000a0800000|100%| O|  |TAMS 0x00000000a0800000, 0x00000000a0700000| Untracked 
|   8|0x00000000a0800000, 0x00000000a0900000, 0x00000000a0900000|100%| O|  |TAMS 0x00000000a0900000, 0x00000000a0800000| Untracked 
|   9|0x00000000a0900000, 0x00000000a0a00000, 0x00000000a0a00000|100%| O|  |TAMS 0x00000000a0a00000, 0x00000000a0900000| Untracked 
|  10|0x00000000a0a00000, 0x00000000a0b00000, 0x00000000a0b00000|100%| O|  |TAMS 0x00000000a0b00000, 0x00000000a0a00000| Untracked 
|  11|0x00000000a0b00000, 0x00000000a0c00000, 0x00000000a0c00000|100%| O|  |TAMS 0x00000000a0c00000, 0x00000000a0b00000| Untracked 
|  12|0x00000000a0c00000, 0x00000000a0d00000, 0x00000000a0d00000|100%| O|  |TAMS 0x00000000a0d00000, 0x00000000a0c00000| Untracked 
|  13|0x00000000a0d00000, 0x00000000a0ddf200, 0x00000000a0e00000| 87%| O|  |TAMS 0x00000000a0ddf200, 0x00000000a0d00000| Untracked 
|  14|0x00000000a0e00000, 0x00000000a0f00000, 0x00000000a0f00000|100%| O|  |TAMS 0x00000000a0f00000, 0x00000000a0e00000| Untracked 
|  15|0x00000000a0f00000, 0x00000000a1000000, 0x00000000a1000000|100%| O|  |TAMS 0x00000000a1000000, 0x00000000a0f00000| Untracked 
|  16|0x00000000a1000000, 0x00000000a1100000, 0x00000000a1100000|100%| O|  |TAMS 0x00000000a1100000, 0x00000000a1000000| Untracked 
|  17|0x00000000a1100000, 0x00000000a1200000, 0x00000000a1200000|100%| O|  |TAMS 0x00000000a1200000, 0x00000000a1100000| Untracked 
|  18|0x00000000a1200000, 0x00000000a1300000, 0x00000000a1300000|100%| O|  |TAMS 0x00000000a1300000, 0x00000000a1200000| Untracked 
|  19|0x00000000a1300000, 0x00000000a1400000, 0x00000000a1400000|100%| O|  |TAMS 0x00000000a1400000, 0x00000000a1300000| Untracked 
|  20|0x00000000a1400000, 0x00000000a1500000, 0x00000000a1500000|100%| O|  |TAMS 0x00000000a1500000, 0x00000000a1400000| Untracked 
|  21|0x00000000a1500000, 0x00000000a1600000, 0x00000000a1600000|100%| O|  |TAMS 0x00000000a1600000, 0x00000000a1500000| Untracked 
|  22|0x00000000a1600000, 0x00000000a1700000, 0x00000000a1700000|100%|HS|  |TAMS 0x00000000a1700000, 0x00000000a1600000| Complete 
|  23|0x00000000a1700000, 0x00000000a1800000, 0x00000000a1800000|100%|HC|  |TAMS 0x00000000a1800000, 0x00000000a1700000| Complete 
|  24|0x00000000a1800000, 0x00000000a1900000, 0x00000000a1900000|100%|HC|  |TAMS 0x00000000a1900000, 0x00000000a1800000| Complete 
|  25|0x00000000a1900000, 0x00000000a1a00000, 0x00000000a1a00000|100%|HS|  |TAMS 0x00000000a1a00000, 0x00000000a1900000| Complete 
|  26|0x00000000a1a00000, 0x00000000a1b00000, 0x00000000a1b00000|100%|HC|  |TAMS 0x00000000a1b00000, 0x00000000a1a00000| Complete 
|  27|0x00000000a1b00000, 0x00000000a1c00000, 0x00000000a1c00000|100%| O|  |TAMS 0x00000000a1c00000, 0x00000000a1b00000| Untracked 
|  28|0x00000000a1c00000, 0x00000000a1d00000, 0x00000000a1d00000|100%| O|  |TAMS 0x00000000a1d00000, 0x00000000a1c00000| Untracked 
|  29|0x00000000a1d00000, 0x00000000a1e00000, 0x00000000a1e00000|100%| O|  |TAMS 0x00000000a1e00000, 0x00000000a1d00000| Untracked 
|  30|0x00000000a1e00000, 0x00000000a1f00000, 0x00000000a1f00000|100%| O|  |TAMS 0x00000000a1f00000, 0x00000000a1e00000| Untracked 
|  31|0x00000000a1f00000, 0x00000000a2000000, 0x00000000a2000000|100%| O|  |TAMS 0x00000000a2000000, 0x00000000a1f00000| Untracked 
|  32|0x00000000a2000000, 0x00000000a2100000, 0x00000000a2100000|100%| O|  |TAMS 0x00000000a2100000, 0x00000000a2000000| Untracked 
|  33|0x00000000a2100000, 0x00000000a2200000, 0x00000000a2200000|100%| O|  |TAMS 0x00000000a2200000, 0x00000000a2100000| Untracked 
|  34|0x00000000a2200000, 0x00000000a2300000, 0x00000000a2300000|100%| O|  |TAMS 0x00000000a2300000, 0x00000000a2200000| Untracked 
|  35|0x00000000a2300000, 0x00000000a2400000, 0x00000000a2400000|100%| O|  |TAMS 0x00000000a2400000, 0x00000000a2300000| Untracked 
|  36|0x00000000a2400000, 0x00000000a2500000, 0x00000000a2500000|100%| O|  |TAMS 0x00000000a2500000, 0x00000000a2400000| Untracked 
|  37|0x00000000a2500000, 0x00000000a2600000, 0x00000000a2600000|100%| O|  |TAMS 0x00000000a2600000, 0x00000000a2500000| Untracked 
|  38|0x00000000a2600000, 0x00000000a2700000, 0x00000000a2700000|100%| O|  |TAMS 0x00000000a2700000, 0x00000000a2600000| Untracked 
|  39|0x00000000a2700000, 0x00000000a2800000, 0x00000000a2800000|100%| O|  |TAMS 0x00000000a2800000, 0x00000000a2700000| Untracked 
|  40|0x00000000a2800000, 0x00000000a2900000, 0x00000000a2900000|100%| O|  |TAMS 0x00000000a2900000, 0x00000000a2800000| Untracked 
|  41|0x00000000a2900000, 0x00000000a2a00000, 0x00000000a2a00000|100%| O|  |TAMS 0x00000000a2a00000, 0x00000000a2900000| Untracked 
|  42|0x00000000a2a00000, 0x00000000a2b00000, 0x00000000a2b00000|100%| O|  |TAMS 0x00000000a2b00000, 0x00000000a2a00000| Untracked 
|  43|0x00000000a2b00000, 0x00000000a2c00000, 0x00000000a2c00000|100%| O|  |TAMS 0x00000000a2c00000, 0x00000000a2b00000| Untracked 
|  44|0x00000000a2c00000, 0x00000000a2d00000, 0x00000000a2d00000|100%| O|  |TAMS 0x00000000a2d00000, 0x00000000a2c00000| Untracked 
|  45|0x00000000a2d00000, 0x00000000a2e00000, 0x00000000a2e00000|100%| O|  |TAMS 0x00000000a2e00000, 0x00000000a2d00000| Untracked 
|  46|0x00000000a2e00000, 0x00000000a2f00000, 0x00000000a2f00000|100%| O|  |TAMS 0x00000000a2f00000, 0x00000000a2e00000| Untracked 
|  47|0x00000000a2f00000, 0x00000000a3000000, 0x00000000a3000000|100%| O|  |TAMS 0x00000000a3000000, 0x00000000a2f00000| Untracked 
|  48|0x00000000a3000000, 0x00000000a3100000, 0x00000000a3100000|100%| O|  |TAMS 0x00000000a3100000, 0x00000000a3000000| Untracked 
|  49|0x00000000a3100000, 0x00000000a3200000, 0x00000000a3200000|100%| O|  |TAMS 0x00000000a3200000, 0x00000000a3100000| Untracked 
|  50|0x00000000a3200000, 0x00000000a3300000, 0x00000000a3300000|100%| O|  |TAMS 0x00000000a3300000, 0x00000000a3200000| Untracked 
|  51|0x00000000a3300000, 0x00000000a3400000, 0x00000000a3400000|100%| O|  |TAMS 0x00000000a3400000, 0x00000000a3300000| Untracked 
|  52|0x00000000a3400000, 0x00000000a3500000, 0x00000000a3500000|100%| O|  |TAMS 0x00000000a3500000, 0x00000000a3400000| Untracked 
|  53|0x00000000a3500000, 0x00000000a3600000, 0x00000000a3600000|100%| O|  |TAMS 0x00000000a3600000, 0x00000000a3500000| Untracked 
|  54|0x00000000a3600000, 0x00000000a3700000, 0x00000000a3700000|100%| O|  |TAMS 0x00000000a3700000, 0x00000000a3600000| Untracked 
|  55|0x00000000a3700000, 0x00000000a3800000, 0x00000000a3800000|100%| O|  |TAMS 0x00000000a3800000, 0x00000000a3700000| Untracked 
|  56|0x00000000a3800000, 0x00000000a3900000, 0x00000000a3900000|100%| O|  |TAMS 0x00000000a3900000, 0x00000000a3800000| Untracked 
|  57|0x00000000a3900000, 0x00000000a3a00000, 0x00000000a3a00000|100%| O|  |TAMS 0x00000000a3a00000, 0x00000000a3900000| Untracked 
|  58|0x00000000a3a00000, 0x00000000a3b00000, 0x00000000a3b00000|100%| O|  |TAMS 0x00000000a3b00000, 0x00000000a3a00000| Untracked 
|  59|0x00000000a3b00000, 0x00000000a3c00000, 0x00000000a3c00000|100%| O|  |TAMS 0x00000000a3c00000, 0x00000000a3b00000| Untracked 
|  60|0x00000000a3c00000, 0x00000000a3d00000, 0x00000000a3d00000|100%| O|  |TAMS 0x00000000a3d00000, 0x00000000a3c00000| Untracked 
|  61|0x00000000a3d00000, 0x00000000a3e00000, 0x00000000a3e00000|100%| O|  |TAMS 0x00000000a3e00000, 0x00000000a3d00000| Untracked 
|  62|0x00000000a3e00000, 0x00000000a3f00000, 0x00000000a3f00000|100%| O|  |TAMS 0x00000000a3f00000, 0x00000000a3e00000| Untracked 
|  63|0x00000000a3f00000, 0x00000000a4000000, 0x00000000a4000000|100%| O|  |TAMS 0x00000000a4000000, 0x00000000a3f00000| Untracked 
|  64|0x00000000a4000000, 0x00000000a4100000, 0x00000000a4100000|100%| O|  |TAMS 0x00000000a4100000, 0x00000000a4000000| Untracked 
|  65|0x00000000a4100000, 0x00000000a4100000, 0x00000000a4200000|  0%| F|  |TAMS 0x00000000a4100000, 0x00000000a4100000| Untracked 
|  66|0x00000000a4200000, 0x00000000a4200000, 0x00000000a4300000|  0%| F|  |TAMS 0x00000000a4200000, 0x00000000a4200000| Untracked 
|  67|0x00000000a4300000, 0x00000000a4300000, 0x00000000a4400000|  0%| F|  |TAMS 0x00000000a4300000, 0x00000000a4300000| Untracked 
|  68|0x00000000a4400000, 0x00000000a4500000, 0x00000000a4500000|100%| O|  |TAMS 0x00000000a4500000, 0x00000000a4400000| Untracked 
|  69|0x00000000a4500000, 0x00000000a4600000, 0x00000000a4600000|100%| O|  |TAMS 0x00000000a4600000, 0x00000000a4500000| Untracked 
|  70|0x00000000a4600000, 0x00000000a4600000, 0x00000000a4700000|  0%| F|  |TAMS 0x00000000a4600000, 0x00000000a4600000| Untracked 
|  71|0x00000000a4700000, 0x00000000a478b800, 0x00000000a4800000| 54%| O|  |TAMS 0x00000000a478b800, 0x00000000a4700000| Untracked 
|  72|0x00000000a4800000, 0x00000000a4800000, 0x00000000a4900000|  0%| F|  |TAMS 0x00000000a4800000, 0x00000000a4800000| Untracked 
|  73|0x00000000a4900000, 0x00000000a4900000, 0x00000000a4a00000|  0%| F|  |TAMS 0x00000000a4900000, 0x00000000a4900000| Untracked 
|  74|0x00000000a4a00000, 0x00000000a4a00000, 0x00000000a4b00000|  0%| F|  |TAMS 0x00000000a4a00000, 0x00000000a4a00000| Untracked 
|  75|0x00000000a4b00000, 0x00000000a4b00000, 0x00000000a4c00000|  0%| F|  |TAMS 0x00000000a4b00000, 0x00000000a4b00000| Untracked 
|  76|0x00000000a4c00000, 0x00000000a4c00000, 0x00000000a4d00000|  0%| F|  |TAMS 0x00000000a4c00000, 0x00000000a4c00000| Untracked 
|  77|0x00000000a4d00000, 0x00000000a4d00000, 0x00000000a4e00000|  0%| F|  |TAMS 0x00000000a4d00000, 0x00000000a4d00000| Untracked 
|  78|0x00000000a4e00000, 0x00000000a4e00000, 0x00000000a4f00000|  0%| F|  |TAMS 0x00000000a4e00000, 0x00000000a4e00000| Untracked 
|  79|0x00000000a4f00000, 0x00000000a4f00000, 0x00000000a5000000|  0%| F|  |TAMS 0x00000000a4f00000, 0x00000000a4f00000| Untracked 
|  80|0x00000000a5000000, 0x00000000a5100000, 0x00000000a5100000|100%| O|  |TAMS 0x00000000a5100000, 0x00000000a5000000| Untracked 
|  81|0x00000000a5100000, 0x00000000a5100000, 0x00000000a5200000|  0%| F|  |TAMS 0x00000000a5100000, 0x00000000a5100000| Untracked 
|  82|0x00000000a5200000, 0x00000000a5200000, 0x00000000a5300000|  0%| F|  |TAMS 0x00000000a5200000, 0x00000000a5200000| Untracked 
|  83|0x00000000a5300000, 0x00000000a5300000, 0x00000000a5400000|  0%| F|  |TAMS 0x00000000a5300000, 0x00000000a5300000| Untracked 
|  84|0x00000000a5400000, 0x00000000a5400000, 0x00000000a5500000|  0%| F|  |TAMS 0x00000000a5400000, 0x00000000a5400000| Untracked 
|  85|0x00000000a5500000, 0x00000000a5500000, 0x00000000a5600000|  0%| F|  |TAMS 0x00000000a5500000, 0x00000000a5500000| Untracked 
|  86|0x00000000a5600000, 0x00000000a5600000, 0x00000000a5700000|  0%| F|  |TAMS 0x00000000a5600000, 0x00000000a5600000| Untracked 
|  87|0x00000000a5700000, 0x00000000a5700000, 0x00000000a5800000|  0%| F|  |TAMS 0x00000000a5700000, 0x00000000a5700000| Untracked 
|  88|0x00000000a5800000, 0x00000000a5800000, 0x00000000a5900000|  0%| F|  |TAMS 0x00000000a5800000, 0x00000000a5800000| Untracked 
|  89|0x00000000a5900000, 0x00000000a5900000, 0x00000000a5a00000|  0%| F|  |TAMS 0x00000000a5900000, 0x00000000a5900000| Untracked 
|  90|0x00000000a5a00000, 0x00000000a5a00000, 0x00000000a5b00000|  0%| F|  |TAMS 0x00000000a5a00000, 0x00000000a5a00000| Untracked 
|  91|0x00000000a5b00000, 0x00000000a5b00000, 0x00000000a5c00000|  0%| F|  |TAMS 0x00000000a5b00000, 0x00000000a5b00000| Untracked 
|  92|0x00000000a5c00000, 0x00000000a5c00000, 0x00000000a5d00000|  0%| F|  |TAMS 0x00000000a5c00000, 0x00000000a5c00000| Untracked 
|  93|0x00000000a5d00000, 0x00000000a5d00000, 0x00000000a5e00000|  0%| F|  |TAMS 0x00000000a5d00000, 0x00000000a5d00000| Untracked 
|  94|0x00000000a5e00000, 0x00000000a5e00000, 0x00000000a5f00000|  0%| F|  |TAMS 0x00000000a5e00000, 0x00000000a5e00000| Untracked 
|  95|0x00000000a5f00000, 0x00000000a5f00000, 0x00000000a6000000|  0%| F|  |TAMS 0x00000000a5f00000, 0x00000000a5f00000| Untracked 
|  96|0x00000000a6000000, 0x00000000a6000000, 0x00000000a6100000|  0%| F|  |TAMS 0x00000000a6000000, 0x00000000a6000000| Untracked 
|  97|0x00000000a6100000, 0x00000000a6100000, 0x00000000a6200000|  0%| F|  |TAMS 0x00000000a6100000, 0x00000000a6100000| Untracked 
|  98|0x00000000a6200000, 0x00000000a6200000, 0x00000000a6300000|  0%| F|  |TAMS 0x00000000a6200000, 0x00000000a6200000| Untracked 
|  99|0x00000000a6300000, 0x00000000a6300000, 0x00000000a6400000|  0%| F|  |TAMS 0x00000000a6300000, 0x00000000a6300000| Untracked 
| 100|0x00000000a6400000, 0x00000000a6400000, 0x00000000a6500000|  0%| F|  |TAMS 0x00000000a6400000, 0x00000000a6400000| Untracked 
| 101|0x00000000a6500000, 0x00000000a65502c8, 0x00000000a6600000| 31%| S|CS|TAMS 0x00000000a6500000, 0x00000000a6500000| Complete 
| 102|0x00000000a6600000, 0x00000000a6700000, 0x00000000a6700000|100%| S|CS|TAMS 0x00000000a6600000, 0x00000000a6600000| Complete 
| 103|0x00000000a6700000, 0x00000000a6800000, 0x00000000a6800000|100%| S|CS|TAMS 0x00000000a6700000, 0x00000000a6700000| Complete 
| 104|0x00000000a6800000, 0x00000000a6900000, 0x00000000a6900000|100%| S|CS|TAMS 0x00000000a6800000, 0x00000000a6800000| Complete 
| 105|0x00000000a6900000, 0x00000000a6900000, 0x00000000a6a00000|  0%| F|  |TAMS 0x00000000a6900000, 0x00000000a6900000| Untracked 
| 106|0x00000000a6a00000, 0x00000000a6a00000, 0x00000000a6b00000|  0%| F|  |TAMS 0x00000000a6a00000, 0x00000000a6a00000| Untracked 
| 107|0x00000000a6b00000, 0x00000000a6b00000, 0x00000000a6c00000|  0%| F|  |TAMS 0x00000000a6b00000, 0x00000000a6b00000| Untracked 
| 108|0x00000000a6c00000, 0x00000000a6c00000, 0x00000000a6d00000|  0%| F|  |TAMS 0x00000000a6c00000, 0x00000000a6c00000| Untracked 
| 109|0x00000000a6d00000, 0x00000000a6d00000, 0x00000000a6e00000|  0%| F|  |TAMS 0x00000000a6d00000, 0x00000000a6d00000| Untracked 
| 110|0x00000000a6e00000, 0x00000000a6e00000, 0x00000000a6f00000|  0%| F|  |TAMS 0x00000000a6e00000, 0x00000000a6e00000| Untracked 
| 111|0x00000000a6f00000, 0x00000000a6f00000, 0x00000000a7000000|  0%| F|  |TAMS 0x00000000a6f00000, 0x00000000a6f00000| Untracked 
| 112|0x00000000a7000000, 0x00000000a7000000, 0x00000000a7100000|  0%| F|  |TAMS 0x00000000a7000000, 0x00000000a7000000| Untracked 
| 113|0x00000000a7100000, 0x00000000a7100000, 0x00000000a7200000|  0%| F|  |TAMS 0x00000000a7100000, 0x00000000a7100000| Untracked 
| 114|0x00000000a7200000, 0x00000000a7200000, 0x00000000a7300000|  0%| F|  |TAMS 0x00000000a7200000, 0x00000000a7200000| Untracked 
| 115|0x00000000a7300000, 0x00000000a7300000, 0x00000000a7400000|  0%| F|  |TAMS 0x00000000a7300000, 0x00000000a7300000| Untracked 
| 116|0x00000000a7400000, 0x00000000a7400000, 0x00000000a7500000|  0%| F|  |TAMS 0x00000000a7400000, 0x00000000a7400000| Untracked 
| 117|0x00000000a7500000, 0x00000000a7500000, 0x00000000a7600000|  0%| F|  |TAMS 0x00000000a7500000, 0x00000000a7500000| Untracked 
| 118|0x00000000a7600000, 0x00000000a7600000, 0x00000000a7700000|  0%| F|  |TAMS 0x00000000a7600000, 0x00000000a7600000| Untracked 
| 119|0x00000000a7700000, 0x00000000a7700000, 0x00000000a7800000|  0%| F|  |TAMS 0x00000000a7700000, 0x00000000a7700000| Untracked 
| 120|0x00000000a7800000, 0x00000000a7800000, 0x00000000a7900000|  0%| F|  |TAMS 0x00000000a7800000, 0x00000000a7800000| Untracked 
| 121|0x00000000a7900000, 0x00000000a7900000, 0x00000000a7a00000|  0%| F|  |TAMS 0x00000000a7900000, 0x00000000a7900000| Untracked 
| 122|0x00000000a7a00000, 0x00000000a7a00000, 0x00000000a7b00000|  0%| F|  |TAMS 0x00000000a7a00000, 0x00000000a7a00000| Untracked 
| 123|0x00000000a7b00000, 0x00000000a7b00000, 0x00000000a7c00000|  0%| F|  |TAMS 0x00000000a7b00000, 0x00000000a7b00000| Untracked 
| 124|0x00000000a7c00000, 0x00000000a7c00000, 0x00000000a7d00000|  0%| F|  |TAMS 0x00000000a7c00000, 0x00000000a7c00000| Untracked 
| 125|0x00000000a7d00000, 0x00000000a7d00000, 0x00000000a7e00000|  0%| F|  |TAMS 0x00000000a7d00000, 0x00000000a7d00000| Untracked 
| 126|0x00000000a7e00000, 0x00000000a7e80800, 0x00000000a7f00000| 50%| E|  |TAMS 0x00000000a7e00000, 0x00000000a7e00000| Complete 
| 127|0x00000000a7f00000, 0x00000000a8000000, 0x00000000a8000000|100%| E|CS|TAMS 0x00000000a7f00000, 0x00000000a7f00000| Complete 
| 128|0x00000000a8000000, 0x00000000a8100000, 0x00000000a8100000|100%| E|CS|TAMS 0x00000000a8000000, 0x00000000a8000000| Complete 
| 129|0x00000000a8100000, 0x00000000a8200000, 0x00000000a8200000|100%| E|CS|TAMS 0x00000000a8100000, 0x00000000a8100000| Complete 
| 130|0x00000000a8200000, 0x00000000a8300000, 0x00000000a8300000|100%| E|CS|TAMS 0x00000000a8200000, 0x00000000a8200000| Complete 
| 131|0x00000000a8300000, 0x00000000a8400000, 0x00000000a8400000|100%| E|CS|TAMS 0x00000000a8300000, 0x00000000a8300000| Complete 
| 132|0x00000000a8400000, 0x00000000a8500000, 0x00000000a8500000|100%| E|CS|TAMS 0x00000000a8400000, 0x00000000a8400000| Complete 
| 133|0x00000000a8500000, 0x00000000a8600000, 0x00000000a8600000|100%| E|CS|TAMS 0x00000000a8500000, 0x00000000a8500000| Complete 
| 134|0x00000000a8600000, 0x00000000a8700000, 0x00000000a8700000|100%| E|CS|TAMS 0x00000000a8600000, 0x00000000a8600000| Complete 
| 135|0x00000000a8700000, 0x00000000a8800000, 0x00000000a8800000|100%| E|CS|TAMS 0x00000000a8700000, 0x00000000a8700000| Complete 
| 136|0x00000000a8800000, 0x00000000a8900000, 0x00000000a8900000|100%| E|CS|TAMS 0x00000000a8800000, 0x00000000a8800000| Complete 
| 137|0x00000000a8900000, 0x00000000a8a00000, 0x00000000a8a00000|100%| E|CS|TAMS 0x00000000a8900000, 0x00000000a8900000| Complete 
| 138|0x00000000a8a00000, 0x00000000a8b00000, 0x00000000a8b00000|100%| E|CS|TAMS 0x00000000a8a00000, 0x00000000a8a00000| Complete 
| 139|0x00000000a8b00000, 0x00000000a8c00000, 0x00000000a8c00000|100%| E|CS|TAMS 0x00000000a8b00000, 0x00000000a8b00000| Complete 
| 140|0x00000000a8c00000, 0x00000000a8d00000, 0x00000000a8d00000|100%| E|CS|TAMS 0x00000000a8c00000, 0x00000000a8c00000| Complete 
| 141|0x00000000a8d00000, 0x00000000a8e00000, 0x00000000a8e00000|100%| E|CS|TAMS 0x00000000a8d00000, 0x00000000a8d00000| Complete 

Card table byte_map: [0x000002cffc710000,0x000002cffca10000] _byte_map_base: 0x000002cffc210000

Marking Bits (Prev, Next): (CMBitMap*) 0x000002cff4040df8, (CMBitMap*) 0x000002cff4040e38
 Prev Bits: [0x000002cffcd10000, 0x000002cffe510000)
 Next Bits: [0x000002cffe510000, 0x000002cfffd10000)

Polling page: 0x000002cff2020000

Metaspace:

Usage:
  Non-class:     62.09 MB capacity,    60.96 MB ( 98%) used,   991.95 KB (  2%) free+waste,   164.44 KB ( <1%) overhead. 
      Class:      9.73 MB capacity,     9.22 MB ( 95%) used,   451.91 KB (  5%) free+waste,    75.13 KB ( <1%) overhead. 
       Both:     71.82 MB capacity,    70.18 MB ( 98%) used,     1.41 MB (  2%) free+waste,   239.56 KB ( <1%) overhead. 

Virtual space:
  Non-class space:       64.00 MB reserved,      62.15 MB ( 97%) committed 
      Class space:        1.00 GB reserved,       9.75 MB ( <1%) committed 
             Both:        1.06 GB reserved,      71.90 MB (  7%) committed 

Chunk freelists:
   Non-Class:  512 bytes
       Class:  0 bytes
        Both:  512 bytes

CodeHeap 'non-profiled nmethods': size=120064Kb used=5801Kb max_used=5801Kb free=114262Kb
 bounds [0x000002cf87ac0000, 0x000002cf88070000, 0x000002cf8f000000]
CodeHeap 'profiled nmethods': size=120000Kb used=23397Kb max_used=23397Kb free=96602Kb
 bounds [0x000002cf80590000, 0x000002cf81c80000, 0x000002cf87ac0000]
CodeHeap 'non-nmethods': size=5696Kb used=2323Kb max_used=2352Kb free=3372Kb
 bounds [0x000002cf80000000, 0x000002cf80270000, 0x000002cf80590000]
 total_blobs=15186 nmethods=10145 adapters=829
 compilation: enabled
              stopped_count=0, restarted_count=0
 full_count=0

Compilation events (10 events):
Event: 130.348 Thread 0x000002cf912a6800 11459       3       jdk.internal.reflect.ReflectionFactory::newInstance (12 bytes)
Event: 130.349 Thread 0x000002cf912a6800 nmethod 11459 0x000002cf81c62990 code [0x000002cf81c62b80, 0x000002cf81c62f30]
Event: 130.349 Thread 0x000002cf912a6800 11460       3       java.lang.reflect.ReflectAccess::newInstance (8 bytes)
Event: 130.350 Thread 0x000002cf912a6800 nmethod 11460 0x000002cf81c63090 code [0x000002cf81c63260, 0x000002cf81c63430]
Event: 130.360 Thread 0x000002cf912a6800 11462       3       java.lang.invoke.InvokerBytecodeGenerator::<init> (80 bytes)
Event: 130.361 Thread 0x000002cf912a6800 nmethod 11462 0x000002cf81c63510 code [0x000002cf81c63700, 0x000002cf81c63b30]
Event: 130.381 Thread 0x000002cf912a6800 11463       3       sun.security.provider.ByteArrayAccess::i2bBig4 (111 bytes)
Event: 130.381 Thread 0x000002cf912a6800 nmethod 11463 0x000002cf81c63d90 code [0x000002cf81c63f60, 0x000002cf81c642b0]
Event: 130.393 Thread 0x000002cf912a6800 11465       3       java.lang.invoke.ClassSpecializer$SpeciesData::getterFunction (78 bytes)
Event: 130.393 Thread 0x000002cf912a6800 nmethod 11465 0x000002cf81c64410 code [0x000002cf81c645e0, 0x000002cf81c64970]

GC Heap History (10 events):
Event: 83.103 GC heap before
{Heap before GC invocations=48 (full 0):
 garbage-first heap   total 145408K, used 104024K [0x00000000a0000000, 0x0000000100000000)
  region size 1024K, 24 young (24576K), 4 survivors (4096K)
 Metaspace       used 64786K, capacity 66111K, committed 66204K, reserved 1105920K
  class space    used 8462K, capacity 8911K, committed 8960K, reserved 1048576K
}
Event: 83.118 GC heap after
{Heap after GC invocations=49 (full 0):
 garbage-first heap   total 145408K, used 76135K [0x00000000a0000000, 0x0000000100000000)
  region size 1024K, 2 young (2048K), 2 survivors (2048K)
 Metaspace       used 64786K, capacity 66111K, committed 66204K, reserved 1105920K
  class space    used 8462K, capacity 8911K, committed 8960K, reserved 1048576K
}
Event: 95.404 GC heap before
{Heap before GC invocations=49 (full 0):
 garbage-first heap   total 145408K, used 105831K [0x00000000a0000000, 0x0000000100000000)
  region size 1024K, 32 young (32768K), 2 survivors (2048K)
 Metaspace       used 65868K, capacity 67238K, committed 67356K, reserved 1107968K
  class space    used 8572K, capacity 9026K, committed 9088K, reserved 1048576K
}
Event: 95.409 GC heap after
{Heap after GC invocations=50 (full 0):
 garbage-first heap   total 145408K, used 75528K [0x00000000a0000000, 0x0000000100000000)
  region size 1024K, 2 young (2048K), 2 survivors (2048K)
 Metaspace       used 65868K, capacity 67238K, committed 67356K, reserved 1107968K
  class space    used 8572K, capacity 9026K, committed 9088K, reserved 1048576K
}
Event: 122.270 GC heap before
{Heap before GC invocations=51 (full 0):
 garbage-first heap   total 145408K, used 106248K [0x00000000a0000000, 0x0000000100000000)
  region size 1024K, 34 young (34816K), 2 survivors (2048K)
 Metaspace       used 67234K, capacity 68724K, committed 68764K, reserved 1110016K
  class space    used 8728K, capacity 9183K, committed 9216K, reserved 1048576K
}
Event: 122.279 GC heap after
{Heap after GC invocations=52 (full 0):
 garbage-first heap   total 145408K, used 75065K [0x00000000a0000000, 0x0000000100000000)
  region size 1024K, 3 young (3072K), 3 survivors (3072K)
 Metaspace       used 67234K, capacity 68724K, committed 68764K, reserved 1110016K
  class space    used 8728K, capacity 9183K, committed 9216K, reserved 1048576K
}
Event: 122.466 GC heap before
{Heap before GC invocations=52 (full 0):
 garbage-first heap   total 145408K, used 79161K [0x00000000a0000000, 0x0000000100000000)
  region size 1024K, 7 young (7168K), 3 survivors (3072K)
 Metaspace       used 67623K, capacity 69108K, committed 69404K, reserved 1110016K
  class space    used 8791K, capacity 9247K, committed 9344K, reserved 1048576K
}
Event: 122.474 GC heap after
{Heap after GC invocations=53 (full 0):
 garbage-first heap   total 145408K, used 70538K [0x00000000a0000000, 0x0000000100000000)
  region size 1024K, 1 young (1024K), 1 survivors (1024K)
 Metaspace       used 67623K, capacity 69108K, committed 69404K, reserved 1110016K
  class space    used 8791K, capacity 9247K, committed 9344K, reserved 1048576K
}
Event: 124.610 GC heap before
{Heap before GC invocations=53 (full 0):
 garbage-first heap   total 145408K, used 107402K [0x00000000a0000000, 0x0000000100000000)
  region size 1024K, 37 young (37888K), 1 survivors (1024K)
 Metaspace       used 69815K, capacity 71356K, committed 71452K, reserved 1112064K
  class space    used 9112K, capacity 9598K, committed 9600K, reserved 1048576K
}
Event: 124.624 GC heap after
{Heap after GC invocations=54 (full 0):
 garbage-first heap   total 145408K, used 73451K [0x00000000a0000000, 0x0000000100000000)
  region size 1024K, 4 young (4096K), 4 survivors (4096K)
 Metaspace       used 69815K, capacity 71356K, committed 71452K, reserved 1112064K
  class space    used 9112K, capacity 9598K, committed 9600K, reserved 1048576K
}

Deoptimization events (10 events):
Event: 130.292 Thread 0x000002cf95fa7800 Uncommon trap: reason=unstable_if action=reinterpret pc=0x000002cf87f9bcd8 method=java.io.ObjectInputStream$HandleTable.markDependency(II)V @ 2 c2
Event: 130.299 Thread 0x000002cf95fa7800 Uncommon trap: reason=unstable_if action=reinterpret pc=0x000002cf87bd4578 method=java.util.Objects.equals(Ljava/lang/Object;Ljava/lang/Object;)Z @ 6 c2
Event: 130.331 Thread 0x000002cf95fa7800 Uncommon trap: reason=class_check action=maybe_recompile pc=0x000002cf87f7f71c method=java.io.ObjectInputStream$PeekInputStream.read()I @ 23 c2
Event: 130.333 Thread 0x000002cf95fa7800 Uncommon trap: reason=class_check action=maybe_recompile pc=0x000002cf87f7f71c method=java.io.ObjectInputStream$PeekInputStream.read()I @ 23 c2
Event: 130.342 Thread 0x000002cf95fa7800 Uncommon trap: reason=unstable_if action=reinterpret pc=0x000002cf87fadbd0 method=java.io.ObjectInputStream.readSerialData(Ljava/lang/Object;Ljava/io/ObjectStreamClass;)V @ 43 c2
Event: 130.401 Thread 0x000002cf95fa7800 Uncommon trap: reason=profile_predicate action=maybe_recompile pc=0x000002cf87d9bcac method=java.net.URI$Parser.scan(IILjava/lang/String;Ljava/lang/String;)I @ 6 c2
Event: 130.429 Thread 0x000002cf95fa7800 Uncommon trap: reason=class_check action=maybe_recompile pc=0x000002cf87f6df6c method=java.io.ObjectOutputStream$BlockDataOutputStream.drain()V @ 36 c2
Event: 130.429 Thread 0x000002cf95fa7800 Uncommon trap: reason=class_check action=maybe_recompile pc=0x000002cf87f75498 method=java.io.ObjectOutputStream$BlockDataOutputStream.drain()V @ 36 c2
Event: 130.433 Thread 0x000002cf95fa7800 Uncommon trap: reason=unstable_if action=reinterpret pc=0x000002cf87f8e880 method=java.io.ObjectStreamClass$FieldReflector.getPrimFieldValues(Ljava/lang/Object;[B)V @ 44 c2
Event: 130.435 Thread 0x000002cf95fa7800 Uncommon trap: reason=unstable_if action=reinterpret pc=0x000002cf87f7df9c method=java.io.ObjectStreamClass$FieldReflector.getPrimFieldValues(Ljava/lang/Object;[B)V @ 44 c2

Classes redefined (0 events):
No events

Internal exceptions (10 events):
Event: 129.855 Thread 0x000002cf95fa7800 JVM_StopThread thread JavaThread 0x000002cf96eea000 as oop 0x00000000a84dba48 [exception 0x000000d0882fa830]
Event: 129.975 Thread 0x000002cf95fa7800 Exception <a 'java/lang/NoSuchMethodError'{0x00000000a83c8e58}: java.lang.invoke.DirectMethodHandle$Holder.invokeStatic(Ljava/lang/Object;Ljava/lang/Object;Ljava/lang/Object;Ljava/lang/Object;Ljava/lang/Object;Ljava/lang/Object;Ljava/lang/Object;Ljava/lan
Event: 129.981 Thread 0x000002cf95fa7800 Exception <a 'java/lang/NoSuchMethodError'{0x00000000a83d8548}: java.lang.invoke.DirectMethodHandle$Holder.invokeStatic(Ljava/lang/Object;Ljava/lang/Object;Ljava/lang/Object;Ljava/lang/Object;Ljava/lang/Object;Ljava/lang/Object;Ljava/lang/Object;Ljava/lan
Event: 129.985 Thread 0x000002cf95fa7800 Exception <a 'java/lang/NoSuchMethodError'{0x00000000a83e52e8}: java.lang.invoke.DirectMethodHandle$Holder.invokeSpecial(Ljava/lang/Object;Ljava/lang/Object;JLjava/lang/Object;ILjava/lang/Object;Ljava/lang/Object;)Ljava/lang/Object;> (0x00000000a83e52e8) 
Event: 129.986 Thread 0x000002cf95fa7800 Exception <a 'java/lang/NoSuchMethodError'{0x00000000a83e8bd0}: java.lang.invoke.DelegatingMethodHandle$Holder.reinvoke_L(Ljava/lang/Object;JLjava/lang/Object;ILjava/lang/Object;Ljava/lang/Object;)Ljava/lang/Object;> (0x00000000a83e8bd0) thrown at [t:/wor
Event: 129.991 Thread 0x000002cf95fa7800 Exception <a 'java/lang/NoSuchMethodError'{0x00000000a83f9b90}: java.lang.invoke.DirectMethodHandle$Holder.invokeStatic(Ljava/lang/Object;Ljava/lang/Object;Ljava/lang/Object;Ljava/lang/Object;J)Ljava/lang/Object;> (0x00000000a83f9b90) thrown at [t:/worksp
Event: 130.262 Thread 0x000002cf95fa7800 Exception <a 'java/lang/NoSuchMethodError'{0x00000000a82a0f10}: java.lang.invoke.DirectMethodHandle$Holder.invokeStatic(Ljava/lang/Object;Ljava/lang/Object;Ljava/lang/Object;Ljava/lang/Object;Ljava/lang/Object;Ljava/lang/Object;Ljava/lang/Object;Ljava/lan
Event: 130.350 Thread 0x000002cf95fa7800 Exception <a 'java/lang/NoSuchMethodError'{0x00000000a81d5558}: <clinit>> (0x00000000a81d5558) thrown at [t:/workspace/open/src/hotspot/share/prims/jni.cpp, line 1362]
Event: 130.353 Thread 0x000002cf95fa7800 Exception <a 'java/lang/NoSuchMethodError'{0x00000000a81e5a18}: <clinit>> (0x00000000a81e5a18) thrown at [t:/workspace/open/src/hotspot/share/prims/jni.cpp, line 1362]
Event: 130.430 Thread 0x000002cf95fa7800 Exception <a 'java/lang/NoSuchMethodError'{0x00000000a80164f0}: <clinit>> (0x00000000a80164f0) thrown at [t:/workspace/open/src/hotspot/share/prims/jni.cpp, line 1362]

Events (10 events):
Event: 130.429 Thread 0x000002cf95fa7800 Uncommon trap: trap_request=0xffffffde fr.pc=0x000002cf87f75498 relative=0x00000000000004b8
Event: 130.429 Thread 0x000002cf95fa7800 DEOPT PACKING pc=0x000002cf87f75498 sp=0x000000d0882f9e30
Event: 130.429 Thread 0x000002cf95fa7800 DEOPT UNPACKING pc=0x000002cf8002962f sp=0x000000d0882f9e18 mode 2
Event: 130.433 Thread 0x000002cf95fa7800 Uncommon trap: trap_request=0xffffff4d fr.pc=0x000002cf87f8e880 relative=0x00000000000027c0
Event: 130.433 Thread 0x000002cf95fa7800 DEOPT PACKING pc=0x000002cf87f8e880 sp=0x000000d0882f9d00
Event: 130.433 Thread 0x000002cf95fa7800 DEOPT UNPACKING pc=0x000002cf8002962f sp=0x000000d0882f9ad8 mode 2
Event: 130.435 Thread 0x000002cf95fa7800 Uncommon trap: trap_request=0xffffff4d fr.pc=0x000002cf87f7df9c relative=0x00000000000002bc
Event: 130.435 Thread 0x000002cf95fa7800 DEOPT PACKING pc=0x000002cf87f7df9c sp=0x000000d0882f98b0
Event: 130.435 Thread 0x000002cf95fa7800 DEOPT UNPACKING pc=0x000002cf8002962f sp=0x000000d0882f9848 mode 2
Event: 130.437 Executing VM operation: BulkRevokeBias


Dynamic libraries:
0x00007ff706bc0000 - 0x00007ff706bcf000 	C:\Users\Public\Java\jdk-12.0.2\bin\java.exe
0x00007ff962bc0000 - 0x00007ff962db0000 	C:\WINDOWS\SYSTEM32\ntdll.dll
0x00007ff962ac0000 - 0x00007ff962b72000 	C:\WINDOWS\System32\KERNEL32.DLL
0x00007ff95fda0000 - 0x00007ff960043000 	C:\WINDOWS\System32\KERNELBASE.dll
0x00007ff960080000 - 0x00007ff96017a000 	C:\WINDOWS\System32\ucrtbase.dll
0x00007ff956b40000 - 0x00007ff956b58000 	C:\Users\Public\Java\jdk-12.0.2\bin\jli.dll
0x00007ff958710000 - 0x00007ff958726000 	C:\Users\Public\Java\jdk-12.0.2\bin\VCRUNTIME140.dll
0x00007ff960c70000 - 0x00007ff960d13000 	C:\WINDOWS\System32\ADVAPI32.dll
0x00007ff961c10000 - 0x00007ff961cae000 	C:\WINDOWS\System32\msvcrt.dll
0x00007ff961160000 - 0x00007ff9611f7000 	C:\WINDOWS\System32\sechost.dll
0x00007ff960d20000 - 0x00007ff960e40000 	C:\WINDOWS\System32\RPCRT4.dll
0x00007ff961430000 - 0x00007ff9615c4000 	C:\WINDOWS\System32\USER32.dll
0x00007ff960050000 - 0x00007ff960071000 	C:\WINDOWS\System32\win32u.dll
0x00007ff9565d0000 - 0x00007ff956855000 	C:\WINDOWS\WinSxS\amd64_microsoft.windows.common-controls_6595b64144ccf1df_6.0.18362.657_none_e6c5b579130e3898\COMCTL32.dll
0x00007ff961280000 - 0x00007ff9612a6000 	C:\WINDOWS\System32\GDI32.dll
0x00007ff961cb0000 - 0x00007ff961fe6000 	C:\WINDOWS\System32\combase.dll
0x00007ff95fc00000 - 0x00007ff95fd94000 	C:\WINDOWS\System32\gdi32full.dll
0x00007ff960180000 - 0x00007ff960200000 	C:\WINDOWS\System32\bcryptPrimitives.dll
0x00007ff960bd0000 - 0x00007ff960c6e000 	C:\WINDOWS\System32\msvcp_win.dll
0x00007ff956d70000 - 0x00007ff956d7a000 	C:\WINDOWS\SYSTEM32\VERSION.dll
0x00007ff960f80000 - 0x00007ff960fae000 	C:\WINDOWS\System32\IMM32.DLL
0x00007ff940970000 - 0x00007ff940a1a000 	C:\Users\Public\Java\jdk-12.0.2\bin\msvcp140.dll
0x00007ff9246f0000 - 0x00007ff925267000 	C:\Users\Public\Java\jdk-12.0.2\bin\server\jvm.dll
0x00007ff9615d0000 - 0x00007ff9615d8000 	C:\WINDOWS\System32\PSAPI.DLL
0x00007ff958f20000 - 0x00007ff958f44000 	C:\WINDOWS\SYSTEM32\WINMM.dll
0x00007ff958770000 - 0x00007ff958779000 	C:\WINDOWS\SYSTEM32\WSOCK32.dll
0x00007ff962a50000 - 0x00007ff962abf000 	C:\WINDOWS\System32\WS2_32.dll
0x00007ff957090000 - 0x00007ff9570bd000 	C:\WINDOWS\SYSTEM32\WINMMBASE.dll
0x00007ff960200000 - 0x00007ff96024a000 	C:\WINDOWS\System32\cfgmgr32.dll
0x00007ff95faa0000 - 0x00007ff95fab1000 	C:\WINDOWS\System32\kernel.appcore.dll
0x00007ff94f8a0000 - 0x00007ff94f8b1000 	C:\Users\Public\Java\jdk-12.0.2\bin\verify.dll
0x00007ff957df0000 - 0x00007ff957fe4000 	C:\WINDOWS\SYSTEM32\DBGHELP.DLL
0x00007ff958ff0000 - 0x00007ff95901a000 	C:\WINDOWS\SYSTEM32\dbgcore.DLL
0x00007ff94dcd0000 - 0x00007ff94dcf6000 	C:\Users\Public\Java\jdk-12.0.2\bin\java.dll
0x00007ff94da20000 - 0x00007ff94da37000 	C:\Users\Public\Java\jdk-12.0.2\bin\zip.dll
0x00007ff95b000000 - 0x00007ff95b00a000 	C:\Users\Public\Java\jdk-12.0.2\bin\jimage.dll
0x00007ff962290000 - 0x00007ff962975000 	C:\WINDOWS\System32\SHELL32.dll
0x00007ff962050000 - 0x00007ff9620f9000 	C:\WINDOWS\System32\shcore.dll
0x00007ff960250000 - 0x00007ff9609cf000 	C:\WINDOWS\System32\windows.storage.dll
0x00007ff95fae0000 - 0x00007ff95faff000 	C:\WINDOWS\System32\profapi.dll
0x00007ff95fb00000 - 0x00007ff95fb4a000 	C:\WINDOWS\System32\powrprof.dll
0x00007ff95fa90000 - 0x00007ff95faa0000 	C:\WINDOWS\System32\UMPDC.dll
0x00007ff961ff0000 - 0x00007ff962042000 	C:\WINDOWS\System32\shlwapi.dll
0x00007ff960bb0000 - 0x00007ff960bc7000 	C:\WINDOWS\System32\cryptsp.dll
0x00007ff94b730000 - 0x00007ff94b749000 	C:\Users\Public\Java\jdk-12.0.2\bin\net.dll
0x00007ff957570000 - 0x00007ff957746000 	C:\WINDOWS\SYSTEM32\urlmon.dll
0x00007ff9597d0000 - 0x00007ff9598c0000 	C:\WINDOWS\SYSTEM32\WINHTTP.dll
0x00007ff952730000 - 0x00007ff9529d6000 	C:\WINDOWS\SYSTEM32\iertutil.dll
0x00007ff95f470000 - 0x00007ff95f47c000 	C:\WINDOWS\SYSTEM32\CRYPTBASE.DLL
0x00007ff95f2a0000 - 0x00007ff95f307000 	C:\WINDOWS\system32\mswsock.dll
0x00007ff946f90000 - 0x00007ff946fa3000 	C:\Users\Public\Java\jdk-12.0.2\bin\nio.dll
0x00007ff94e520000 - 0x00007ff94e546000 	C:\Users\¿ÚÂÏ\.gradle\native\29\windows-amd64\native-platform.dll
0x00007ff94fa00000 - 0x00007ff94fa09000 	C:\Users\Public\Java\jdk-12.0.2\bin\management.dll
0x00007ff94de80000 - 0x00007ff94de8c000 	C:\Users\Public\Java\jdk-12.0.2\bin\management_ext.dll
0x00007ff95ee10000 - 0x00007ff95ee43000 	C:\WINDOWS\system32\rsaenh.dll
0x00007ff960b20000 - 0x00007ff960b46000 	C:\WINDOWS\System32\bcrypt.dll
0x00007ff95f980000 - 0x00007ff95f9a5000 	C:\WINDOWS\SYSTEM32\USERENV.dll
0x00007ff95efb0000 - 0x00007ff95efea000 	C:\WINDOWS\SYSTEM32\IPHLPAPI.DLL
0x00007ff961790000 - 0x00007ff961798000 	C:\WINDOWS\System32\NSI.dll
0x00007ff95b090000 - 0x00007ff95b0a6000 	C:\WINDOWS\SYSTEM32\dhcpcsvc6.DLL
0x00007ff95b070000 - 0x00007ff95b08c000 	C:\WINDOWS\SYSTEM32\dhcpcsvc.DLL
0x00007ff95f040000 - 0x00007ff95f10a000 	C:\WINDOWS\SYSTEM32\DNSAPI.dll
0x00007ff93e4f0000 - 0x00007ff93e50e000 	C:\Users\¿ÚÂÏ\AppData\Local\Temp\native-platform3748898994982027065dir\native-platform.dll
0x00007ff94da10000 - 0x00007ff94da17000 	C:\Users\Public\Java\jdk-12.0.2\bin\rmi.dll

dbghelp: loaded successfully - version: 4.0.5 - missing functions: none
symbol engine: initialized successfully - sym options: 0x614 - pdb path: .;C:\Users\Public\Java\jdk-12.0.2\bin;C:\WINDOWS\SYSTEM32;C:\WINDOWS\WinSxS\amd64_microsoft.windows.common-controls_6595b64144ccf1df_6.0.18362.657_none_e6c5b579130e3898;C:\Users\Public\Java\jdk-12.0.2\bin\server;C:\Users\¿ÚÂÏ\.gradle\native\29\windows-amd64;C:\Users\¿ÚÂÏ\AppData\Local\Temp\native-platform3748898994982027065dir

VM Arguments:
jvm_args: --add-opens=java.base/java.util=ALL-UNNAMED --add-opens=java.base/java.lang=ALL-UNNAMED --add-opens=java.base/java.lang.invoke=ALL-UNNAMED --add-opens=java.prefs/java.util.prefs=ALL-UNNAMED -Xmx1536m -Dfile.encoding=windows-1251 -Duser.country=RU -Duser.language=ru -Duser.variant 
java_command: org.gradle.launcher.daemon.bootstrap.GradleDaemon 5.4.1
java_class_path (initial): C:\Users\¿ÚÂÏ\.gradle\wrapper\dists\gradle-5.4.1-all\3221gyojl5jsh0helicew7rwx\gradle-5.4.1\lib\gradle-launcher-5.4.1.jar
Launcher Type: SUN_STANDARD

[Global flags]
     intx CICompilerCount                          = 3                                         {product} {ergonomic}
     uint ConcGCThreads                            = 1                                         {product} {ergonomic}
     uint G1ConcRefinementThreads                  = 4                                         {product} {ergonomic}
   size_t G1HeapRegionSize                         = 1048576                                   {product} {ergonomic}
    uintx GCDrainStackTargetSize                   = 64                                        {product} {ergonomic}
   size_t InitialHeapSize                          = 117440512                                 {product} {ergonomic}
   size_t MarkStackSize                            = 4194304                                   {product} {ergonomic}
   size_t MaxHeapSize                              = 1610612736                                {product} {command line}
   size_t MaxNewSize                               = 965738496                                 {product} {ergonomic}
   size_t MinHeapDeltaBytes                        = 1048576                                   {product} {ergonomic}
    uintx NonNMethodCodeHeapSize                   = 5830732                                {pd product} {ergonomic}
    uintx NonProfiledCodeHeapSize                  = 122913754                              {pd product} {ergonomic}
    uintx ProfiledCodeHeapSize                     = 122913754                              {pd product} {ergonomic}
    uintx ReservedCodeCacheSize                    = 251658240                              {pd product} {ergonomic}
     bool SegmentedCodeCache                       = true                                      {product} {ergonomic}
     bool UseCompressedClassPointers               = true                                 {lp64_product} {ergonomic}
     bool UseCompressedOops                        = true                                 {lp64_product} {ergonomic}
     bool UseG1GC                                  = true                                      {product} {ergonomic}
     bool UseLargePagesIndividualAllocation        = false                                  {pd product} {ergonomic}

Logging:
Log output configuration:
 #0: stdout all=warning uptime,level,tags
 #1: stderr all=off uptime,level,tags

Environment Variables:
JAVA_HOME=C:\Users\Public\Java\jdk-12.0.2
CLASSPATH=C:\Users\Public\HelloWorld\\gradle\wrapper\gradle-wrapper.jar
PATH=C:\Program Files\Java\jdk-12.0.2\bin;C:\wget;C:\ProgramData\Oracle\Java\javapath;C:\WINDOWS\system32;C:\WINDOWS;C:\WINDOWS\System32\Wbem;C:\WINDOWS\System32\WindowsPowerShell\v1.0\;C:\Program Files (x86)\Skype\Phone\;C:\Program Files (x86)\Simply Fortran 2\mingw-w64\bin;C:\Program Files (x86)\Simply Fortran 2\mingw-w64\x86_64-w64-mingw32\lib32;C:\Program Files (x86)\Simply Fortran 2\mingw-w64\x86_64-w64-mingw32\lib64;C:\WINDOWS\System32\OpenSSH\;C:\Program Files\Git\cmd;C:\Users\¿ÚÂÏ\AppData\Local\Microsoft\WindowsApps;
USERNAME=¿ÚÂÏ
OS=Windows_NT
PROCESSOR_IDENTIFIER=AMD64 Family 22 Model 48 Stepping 1, AuthenticAMD



---------------  S Y S T E M  ---------------

OS: Windows 10 , 64 bit Build 18362 (10.0.18362.329)

CPU:total 4 (initial active 4) (4 cores per cpu, 1 threads per core) family 22 model 48 stepping 1, cmov, cx8, fxsr, mmx, sse, sse2, sse3, ssse3, sse4.1, sse4.2, popcnt, avx, aes, clmul, mmxext, 3dnowpref, lzcnt, sse4a, tsc, tscinvbit, tscinv, bmi1

Memory: 4k page, system-wide physical 7113M (1827M free)
TotalPageFile size 8898M (AvailPageFile size 4M)
current process WorkingSet (physical memory assigned to process): 353M, peak: 368M
current process commit charge ("private bytes"): 387M, peak: 398M

vm_info: Java HotSpot(TM) 64-Bit Server VM (12.0.2+10) for windows-amd64 JRE (12.0.2+10), built on Jul 16 2019 01:56:17 by "mach5one" with MS VC++ 15.5 (VS2017)

END.
